build/app/intermediates/manifest_merge_blame_file/release/manifest-merger-blame-release-report.txt
1<?xml version="1.0" encoding="utf-8"?>
2<manifest xmlns:android="http://schemas.android.com/apk/res/android"
3    package="com.ptsinfotech.flames"
4    android:versionCode="4"
5    android:versionName="1.0.4" >
6
7    <uses-sdk
8        android:minSdkVersion="21"
8-->src/main/AndroidManifest.xml
9        android:targetSdkVersion="31" />
9-->src/main/AndroidManifest.xml
10
11    <uses-permission android:name="com.android.vending.BILLING.v6" />
11-->src/main/AndroidManifest.xml:3:5-70
11-->src/main/AndroidManifest.xml:3:22-67
12
13    <!-- <uses-permission android:name="com.google.android.play.billingclient.version" /> -->
14    <uses-permission android:name="com.google.android.play.billingclient.v6" />
14-->src/main/AndroidManifest.xml:6:5-80
14-->src/main/AndroidManifest.xml:6:22-77
15    <uses-permission android:name="com.android.vending.BILLING" />
15-->[com.android.billingclient:billing:6.0.0] AndroidManifest.xml:10:5-67
15-->[com.android.billingclient:billing:6.0.0] AndroidManifest.xml:10:22-64
16
17    <queries>
17-->[com.android.billingclient:billing:6.0.0] AndroidManifest.xml:12:5-16:15
18        <intent>
18-->[com.android.billingclient:billing:6.0.0] AndroidManifest.xml:13:9-15:18
19            <action android:name="com.android.vending.billing.InAppBillingService.BIND" />
19-->[com.android.billingclient:billing:6.0.0] AndroidManifest.xml:14:13-91
19-->[com.android.billingclient:billing:6.0.0] AndroidManifest.xml:14:21-88
20        </intent>
21    </queries> <!-- Although the *SdkVersion is captured in gradle build files, this is required for non gradle builds -->
22    <!-- <uses-sdk android:minSdkVersion="14"/> -->
23    <uses-permission android:name="android.permission.ACCESS_NETWORK_STATE" />
23-->[com.google.android.datatransport:transport-backend-cct:3.1.8] AndroidManifest.xml:24:5-79
23-->[com.google.android.datatransport:transport-backend-cct:3.1.8] AndroidManifest.xml:24:22-76
24    <uses-permission android:name="android.permission.INTERNET" />
24-->[com.google.android.datatransport:transport-backend-cct:3.1.8] AndroidManifest.xml:25:5-67
24-->[com.google.android.datatransport:transport-backend-cct:3.1.8] AndroidManifest.xml:25:22-64
25
26    <application
27        android:name="android.app.Application"
27-->src/main/AndroidManifest.xml:9:9-42
28        android:appComponentFactory="androidx.core.app.CoreComponentFactory"
28-->[androidx.core:core:1.8.0] AndroidManifest.xml:24:18-86
29        android:icon="@mipmap/ic_launcher"
29-->src/main/AndroidManifest.xml:10:9-43
30        android:label="flames" >
30-->src/main/AndroidManifest.xml:8:9-31
31        <activity
31-->src/main/AndroidManifest.xml:11:9-31:20
32            android:name="com.example.flames.MainActivity"
32-->src/main/AndroidManifest.xml:12:13-41
33            android:configChanges="orientation|keyboardHidden|keyboard|screenSize|smallestScreenSize|locale|layoutDirection|fontScale|screenLayout|density|uiMode"
33-->src/main/AndroidManifest.xml:16:13-163
34            android:exported="true"
34-->src/main/AndroidManifest.xml:13:13-36
35            android:hardwareAccelerated="true"
35-->src/main/AndroidManifest.xml:17:13-47
36            android:launchMode="singleTop"
36-->src/main/AndroidManifest.xml:14:13-43
37            android:theme="@style/LaunchTheme"
37-->src/main/AndroidManifest.xml:15:13-47
38            android:windowSoftInputMode="adjustResize" >
38-->src/main/AndroidManifest.xml:18:13-55
39
40            <!--
41                 Specifies an Android theme to apply to this Activity as soon as
42                 the Android process has started. This theme is visible to the user
43                 while the Flutter UI initializes. After that, this theme continues
44                 to determine the Window background behind the Flutter UI.
45            -->
46            <meta-data
46-->src/main/AndroidManifest.xml:23:13-26:17
47                android:name="io.flutter.embedding.android.NormalTheme"
47-->src/main/AndroidManifest.xml:24:15-70
48                android:resource="@style/NormalTheme" />
48-->src/main/AndroidManifest.xml:25:15-52
49
50            <intent-filter>
50-->src/main/AndroidManifest.xml:27:13-30:29
51                <action android:name="android.intent.action.MAIN" />
51-->src/main/AndroidManifest.xml:28:17-68
51-->src/main/AndroidManifest.xml:28:25-66
52
53                <category android:name="android.intent.category.LAUNCHER" />
53-->src/main/AndroidManifest.xml:29:17-76
53-->src/main/AndroidManifest.xml:29:27-74
54            </intent-filter>
55        </activity>
56        <!--
57             Don't delete the meta-data below.
58             This is used by the Flutter tool to generate GeneratedPluginRegistrant.java
59        -->
60        <meta-data
60-->src/main/AndroidManifest.xml:34:9-36:33
61            android:name="flutterEmbedding"
61-->src/main/AndroidManifest.xml:35:13-44
62            android:value="2" />
62-->src/main/AndroidManifest.xml:36:13-30
63        <!-- Sample AdMob app ID: ca-app-pub-3940256099942544~3347511713 -->
64        <!--
65             <meta-data
66            android:name="com.google.android.gms.ads.APPLICATION_ID"
67            android:value="ca-app-pub-4704922002205833~7005185331"/>
68        -->
69        <uses-library
69-->[androidx.window:window:1.0.0-beta04] AndroidManifest.xml:25:9-27:40
70            android:name="androidx.window.extensions"
70-->[androidx.window:window:1.0.0-beta04] AndroidManifest.xml:26:13-54
71            android:required="false" />
71-->[androidx.window:window:1.0.0-beta04] AndroidManifest.xml:27:13-37
72        <uses-library
72-->[androidx.window:window:1.0.0-beta04] AndroidManifest.xml:28:9-30:40
73            android:name="androidx.window.sidecar"
73-->[androidx.window:window:1.0.0-beta04] AndroidManifest.xml:29:13-51
74            android:required="false" />
74-->[androidx.window:window:1.0.0-beta04] AndroidManifest.xml:30:13-37
75
76        <meta-data
76-->[com.android.billingclient:billing:6.0.0] AndroidManifest.xml:19:9-21:37
77            android:name="com.google.android.play.billingclient.version"
77-->[com.android.billingclient:billing:6.0.0] AndroidManifest.xml:20:13-73
78            android:value="6.0.0" />
78-->[com.android.billingclient:billing:6.0.0] AndroidManifest.xml:21:13-34
79
80        <activity
80-->[com.android.billingclient:billing:6.0.0] AndroidManifest.xml:23:9-27:75
81            android:name="com.android.billingclient.api.ProxyBillingActivity"
81-->[com.android.billingclient:billing:6.0.0] AndroidManifest.xml:24:13-78
82            android:configChanges="keyboard|keyboardHidden|screenLayout|screenSize|orientation"
82-->[com.android.billingclient:billing:6.0.0] AndroidManifest.xml:25:13-96
83            android:exported="false"
83-->[com.android.billingclient:billing:6.0.0] AndroidManifest.xml:26:13-37
84            android:theme="@android:style/Theme.Translucent.NoTitleBar" />
84-->[com.android.billingclient:billing:6.0.0] AndroidManifest.xml:27:13-72
85
86        <service
86-->[com.google.android.datatransport:transport-backend-cct:3.1.8] AndroidManifest.xml:28:9-34:19
87            android:name="com.google.android.datatransport.runtime.backends.TransportBackendDiscovery"
87-->[com.google.android.datatransport:transport-backend-cct:3.1.8] AndroidManifest.xml:29:13-103
88            android:exported="false" >
88-->[com.google.android.datatransport:transport-backend-cct:3.1.8] AndroidManifest.xml:30:13-37
89            <meta-data
89-->[com.google.android.datatransport:transport-backend-cct:3.1.8] AndroidManifest.xml:31:13-33:39
90                android:name="backend:com.google.android.datatransport.cct.CctBackendFactory"
90-->[com.google.android.datatransport:transport-backend-cct:3.1.8] AndroidManifest.xml:32:17-94
91                android:value="cct" />
91-->[com.google.android.datatransport:transport-backend-cct:3.1.8] AndroidManifest.xml:33:17-36
92        </service>
93        <service
93-->[com.google.android.datatransport:transport-runtime:3.1.8] AndroidManifest.xml:26:9-30:19
94            android:name="com.google.android.datatransport.runtime.scheduling.jobscheduling.JobInfoSchedulerService"
94-->[com.google.android.datatransport:transport-runtime:3.1.8] AndroidManifest.xml:27:13-117
95            android:exported="false"
95-->[com.google.android.datatransport:transport-runtime:3.1.8] AndroidManifest.xml:28:13-37
96            android:permission="android.permission.BIND_JOB_SERVICE" >
96-->[com.google.android.datatransport:transport-runtime:3.1.8] AndroidManifest.xml:29:13-69
97        </service>
98
99        <receiver
99-->[com.google.android.datatransport:transport-runtime:3.1.8] AndroidManifest.xml:32:9-34:40
100            android:name="com.google.android.datatransport.runtime.scheduling.jobscheduling.AlarmManagerSchedulerBroadcastReceiver"
100-->[com.google.android.datatransport:transport-runtime:3.1.8] AndroidManifest.xml:33:13-132
101            android:exported="false" />
101-->[com.google.android.datatransport:transport-runtime:3.1.8] AndroidManifest.xml:34:13-37
102
103        <provider
103-->[androidx.emoji2:emoji2:1.2.0] AndroidManifest.xml:24:9-32:20
104            android:name="androidx.startup.InitializationProvider"
104-->[androidx.emoji2:emoji2:1.2.0] AndroidManifest.xml:25:13-67
105            android:authorities="com.ptsinfotech.flames.androidx-startup"
105-->[androidx.emoji2:emoji2:1.2.0] AndroidManifest.xml:26:13-68
106            android:exported="false" >
106-->[androidx.emoji2:emoji2:1.2.0] AndroidManifest.xml:27:13-37
107            <meta-data
107-->[androidx.emoji2:emoji2:1.2.0] AndroidManifest.xml:29:13-31:52
108                android:name="androidx.emoji2.text.EmojiCompatInitializer"
108-->[androidx.emoji2:emoji2:1.2.0] AndroidManifest.xml:30:17-75
109                android:value="androidx.startup" />
109-->[androidx.emoji2:emoji2:1.2.0] AndroidManifest.xml:31:17-49
110            <meta-data
110-->[androidx.lifecycle:lifecycle-process:2.4.1] AndroidManifest.xml:31:13-33:52
111                android:name="androidx.lifecycle.ProcessLifecycleInitializer"
111-->[androidx.lifecycle:lifecycle-process:2.4.1] AndroidManifest.xml:32:17-78
112                android:value="androidx.startup" />
112-->[androidx.lifecycle:lifecycle-process:2.4.1] AndroidManifest.xml:33:17-49
113        </provider>
114    </application>
115
116</manifest>